Unity Editor version:    2020.3.21f1 (a38c86f6690f)
Branch:                  2020.3/staging
Build type:              Release
Batch mode:              YES
macOS version:           Version 10.13.6 (Build 17G14042)
Darwin version:          17.7.0
Architecture:            x86_64
Running under Rosetta:   NO
Available memory:        16384 MB
Using pre-set license
Pro License: NO

COMMAND LINE ARGUMENTS:
/Applications/Unity/Unity.app/Contents/MacOS/Unity
-adb2
-batchMode
-noUpm
-name
AssetImportWorker0
-projectPath
/Users/loisXU/Documents/GitHub/FutureFoodHub
-logFile
Logs/AssetImportWorker0.log
-srvPort
62611
Successfully changed project path to: /Users/loisXU/Documents/GitHub/FutureFoodHub
/Users/loisXU/Documents/GitHub/FutureFoodHub
Using Asset Import Pipeline V2.
Refreshing native plugins compatible for Editor in 46.12 ms, found 2 plugins.
Preloading 0 native plugins for Editor in 0.00 ms.
Initialize engine version: 2020.3.21f1 (a38c86f6690f)
[Subsystems] Discovering subsystems at path /Applications/Unity/Unity.app/Contents/Resources/UnitySubsystems
[Subsystems] Discovering subsystems at path /Users/loisXU/Documents/GitHub/FutureFoodHub/Assets
GfxDevice: creating device client; threaded=0
2021-11-13 12:28:48.577 Unity[71769:11351475] Color LCD preferred device: AMD Radeon R9 M370X (high power)
2021-11-13 12:28:48.577 Unity[71769:11351475] Metal devices available: 2
2021-11-13 12:28:48.577 Unity[71769:11351475] 0: AMD Radeon R9 M370X (high power)
2021-11-13 12:28:48.577 Unity[71769:11351475] 1: Intel Iris Pro Graphics (low power)
2021-11-13 12:28:48.578 Unity[71769:11351475] Using device AMD Radeon R9 M370X (high power)
Initializing Metal device caps: AMD Radeon R9 M370X
Initialize mono
Mono path[0] = '/Applications/Unity/Unity.app/Contents/Managed'
Mono path[1] = '/Applications/Unity/Unity.app/Contents/MonoBleedingEdge/lib/mono/unityjit'
Mono config path = '/Applications/Unity/Unity.app/Contents/MonoBleedingEdge/etc'
Using monoOptions --debugger-agent=transport=dt_socket,embedding=1,server=y,suspend=n,address=127.0.0.1:56769
Begin MonoManager ReloadAssembly
Registering precompiled unity dll's ...
Register platform support module: /Applications/Unity/Unity.app/Contents/PlaybackEngines/MacStandaloneSupport/UnityEditor.OSXStandalone.Extensions.dll
Registered in 0.001281 seconds.
Native extension for OSXStandalone target not found
Refreshing native plugins compatible for Editor in 38.88 ms, found 2 plugins.
Preloading 0 native plugins for Editor in 0.00 ms.
Mono: successfully reloaded assembly
- Completed reload, in  2.288 seconds
Domain Reload Profiling:
	ReloadAssembly (2288ms)
		BeginReloadAssembly (40ms)
			ExecutionOrderSort (0ms)
			DisableScriptedObjects (0ms)
			BackupInstance (0ms)
			ReleaseScriptingObjects (0ms)
			CreateAndSetChildDomain (1ms)
		EndReloadAssembly (598ms)
			LoadAssemblies (41ms)
			RebuildTransferFunctionScriptingTraits (0ms)
			SetupTypeCache (245ms)
			ReleaseScriptCaches (0ms)
			RebuildScriptCaches (42ms)
			SetupLoadedEditorAssemblies (212ms)
				LogAssemblyErrors (0ms)
				InitializePlatformSupportModulesInManaged (4ms)
				SetLoadedEditorAssemblies (0ms)
				RefreshPlugins (39ms)
				BeforeProcessingInitializeOnLoad (9ms)
				ProcessInitializeOnLoadAttributes (123ms)
				ProcessInitializeOnLoadMethodAttributes (36ms)
				AfterProcessingInitializeOnLoad (0ms)
				EditorAssembliesLoaded (0ms)
			ExecutionOrderSort2 (0ms)
			AwakeInstancesAfterBackupRestoration (0ms)
Platform modules already initialized, skipping
Registering precompiled user dll's ...
Registered in 0.005904 seconds.
Begin MonoManager ReloadAssembly
Native extension for OSXStandalone target not found
Refreshing native plugins compatible for Editor in 0.40 ms, found 2 plugins.
Preloading 0 native plugins for Editor in 0.00 ms.
Mono: successfully reloaded assembly
- Completed reload, in  1.361 seconds
Domain Reload Profiling:
	ReloadAssembly (1362ms)
		BeginReloadAssembly (179ms)
			ExecutionOrderSort (0ms)
			DisableScriptedObjects (6ms)
			BackupInstance (0ms)
			ReleaseScriptingObjects (0ms)
			CreateAndSetChildDomain (37ms)
		EndReloadAssembly (1103ms)
			LoadAssemblies (97ms)
			RebuildTransferFunctionScriptingTraits (0ms)
			SetupTypeCache (409ms)
			ReleaseScriptCaches (1ms)
			RebuildScriptCaches (60ms)
			SetupLoadedEditorAssemblies (388ms)
				LogAssemblyErrors (0ms)
				InitializePlatformSupportModulesInManaged (5ms)
				SetLoadedEditorAssemblies (1ms)
				RefreshPlugins (0ms)
				BeforeProcessingInitializeOnLoad (64ms)
				ProcessInitializeOnLoadAttributes (301ms)
				ProcessInitializeOnLoadMethodAttributes (14ms)
				AfterProcessingInitializeOnLoad (2ms)
				EditorAssembliesLoaded (0ms)
			ExecutionOrderSort2 (0ms)
			AwakeInstancesAfterBackupRestoration (8ms)
Platform modules already initialized, skipping
Validating Project structure ... 0.000113 seconds.
Shader import version has changed; will reimport all shaders...
Upgrading shader files ...0.000154 seconds.
Application.AssetDatabase Initial Script Refresh Start
RefreshInfo: InitialScriptRefreshV2(NoUpdateAssetOptions) scanfilter:  ... 1 filters
RefreshProfiler: Total: 0.000ms
Application.AssetDatabase Initial Script Refresh End
Application.AssetDatabase.Refresh Start
Application.AssetDatabase.Refresh End
RefreshInfo: StopAssetImportingV2(ForceSynchronousImport) scanfilter: 
RefreshProfiler: Total: 0.000ms
Launching external process: /Applications/Unity/Unity.app/Contents/Tools/UnityShaderCompiler
Launched and connected shader compiler UnityShaderCompiler after 0.02 seconds
Initializing Unity extensions:
========================================================================
Worker process is ready to serve import requests
Refreshing native plugins compatible for Editor in 0.63 ms, found 2 plugins.
Preloading 0 native plugins for Editor in 0.00 ms.
Unloading 1489 Unused Serialized files (Serialized files now loaded: 0)
System memory in use before: 159.2 MB.
System memory in use after: 158.3 MB.

Unloading 80 unused Assets to reduce memory usage. Loaded Objects now: 1960.
Total: 3.971642 ms (FindLiveObjects: 0.164825 ms CreateObjectMapping: 0.058831 ms MarkObjects: 3.189851 ms  DeleteObjects: 0.556969 ms)

AssetImportParameters requested are different than current active one (requested -> active):
  custom:video-decoder-ogg-theora: a1e56fd34408186e4bbccfd4996cb3dc -> 
  custom:container-muxer-webm: aa71ff27fc2769a1b78a27578f13a17b -> 
  custom:container-demuxer-webm: 4f35f7cbe854078d1ac9338744f61a02 -> 
  custom:container-demuxer-ogg: 62fdf1f143b41e24485cea50d1cbac27 -> 
  custom:video-encoder-webm-vp8: eb34c28f22e8b96e1ab97ce403110664 -> 
  custom:framework-osx-AVFoundation: b23960f63f64bdc6ff669e2cdcee2391 -> 
  custom:video-decoder-webm-vp8: 9c59270c3fd7afecdb556c50c9e8de78 -> 
  custom:audio-decoder-ogg-vorbis: bf7c407c2cedff20999df2af8eb42d56 -> 
  custom:audio-encoder-webm-vorbis: bf7c407c2cedff20999df2af8eb42d56 -> 
========================================================================
Received Import Request.
  path: Assets/Scenes/SampleScene.unity
  artifactKey: Guid(9fc0d4010bbf28b4594072e72b8655ab) Importer(815301076,1909f56bfc062723c751e8b465ee728b)
Start importing Assets/Scenes/SampleScene.unity using Guid(9fc0d4010bbf28b4594072e72b8655ab) Importer(815301076,1909f56bfc062723c751e8b465ee728b)  -> (artifact id: '0600ca859120d64c28b7f41768fbc095') in 0.009902 seconds 
  Import took 0.013254 seconds .

========================================================================
Received Import Request.
  Time since last request: 22.091614 seconds.
  path: Assets/Scenes/FFH Demo.unity
  artifactKey: Guid(9fc0d4010bbf28b4594072e72b8655ab) Importer(815301076,1909f56bfc062723c751e8b465ee728b)
Start importing Assets/Scenes/FFH Demo.unity using Guid(9fc0d4010bbf28b4594072e72b8655ab) Importer(815301076,1909f56bfc062723c751e8b465ee728b)  -> (artifact id: '110e011c4350d0768156ebafa5b68459') in 0.001370 seconds 
  Import took 0.003965 seconds .

========================================================================
Received Import Request.
  Time since last request: 19.386218 seconds.
  path: Assets/Scenes/Madness Demo.unity
  artifactKey: Guid(9fc0d4010bbf28b4594072e72b8655ab) Importer(815301076,1909f56bfc062723c751e8b465ee728b)
Start importing Assets/Scenes/Madness Demo.unity using Guid(9fc0d4010bbf28b4594072e72b8655ab) Importer(815301076,1909f56bfc062723c751e8b465ee728b)  -> (artifact id: '01c2331fb09d989d0d031ef21b8ef502') in 0.001292 seconds 
  Import took 0.004160 seconds .

========================================================================
Received Import Request.
  Time since last request: 85.143540 seconds.
  path: Assets/UI
  artifactKey: Guid(2307493a152fb4d43aa593e5ef7d3e85) Importer(815301076,1909f56bfc062723c751e8b465ee728b)
Start importing Assets/UI using Guid(2307493a152fb4d43aa593e5ef7d3e85) Importer(815301076,1909f56bfc062723c751e8b465ee728b)  -> (artifact id: '8a81207995266704ccac72d1430c60e2') in 0.002134 seconds 
  Import took 0.004955 seconds .

========================================================================
Received Import Request.
  Time since last request: 12.153099 seconds.
  path: Assets/Images
  artifactKey: Guid(f6743720994db41e4b587d76332e67d8) Importer(815301076,1909f56bfc062723c751e8b465ee728b)
Start importing Assets/Images using Guid(f6743720994db41e4b587d76332e67d8) Importer(815301076,1909f56bfc062723c751e8b465ee728b)  -> (artifact id: 'b28201e2c1704f48a71923a98e341817') in 0.001986 seconds 
  Import took 0.004944 seconds .

========================================================================
Received Import Request.
  Time since last request: 9.500206 seconds.
  path: Assets/Scripts
  artifactKey: Guid(81ce7a0533cf44703b34351fec17faea) Importer(815301076,1909f56bfc062723c751e8b465ee728b)
Start importing Assets/Scripts using Guid(81ce7a0533cf44703b34351fec17faea) Importer(815301076,1909f56bfc062723c751e8b465ee728b)  -> (artifact id: '11c8e4ae19cff89a541a130aed9a162b') in 0.002167 seconds 
  Import took 0.005275 seconds .

========================================================================
Received Import Request.
  Time since last request: 29.655548 seconds.
  path: Assets/Materials
  artifactKey: Guid(4c42d3f4608b149d2a38fbb71204505a) Importer(815301076,1909f56bfc062723c751e8b465ee728b)
Start importing Assets/Materials using Guid(4c42d3f4608b149d2a38fbb71204505a) Importer(815301076,1909f56bfc062723c751e8b465ee728b)  -> (artifact id: '7f272a4f66995442963432d3bb44bd27') in 0.001764 seconds 
  Import took 0.004699 seconds .

========================================================================
Received Import Request.
  Time since last request: 43.668914 seconds.
  path: Assets/Prefabs
  artifactKey: Guid(b4401db37d2c84d2eafe3b2a1a1ded7b) Importer(815301076,1909f56bfc062723c751e8b465ee728b)
Start importing Assets/Prefabs using Guid(b4401db37d2c84d2eafe3b2a1a1ded7b) Importer(815301076,1909f56bfc062723c751e8b465ee728b)  -> (artifact id: '416b149a98963296d1893f742c12b394') in 0.002582 seconds 
  Import took 0.007151 seconds .

========================================================================
Received Import Request.
  Time since last request: 10.323214 seconds.
  path: Assets/Images/test.png
  artifactKey: Guid(fe7effc6f2dfc4e7abd6c6744dec6121) Importer(815301076,1909f56bfc062723c751e8b465ee728b)
Start importing Assets/Images/test.png using Guid(fe7effc6f2dfc4e7abd6c6744dec6121) Importer(815301076,1909f56bfc062723c751e8b465ee728b)  -> (artifact id: 'e1a668151536d01dd26d57d42b7818e1') in 0.291544 seconds 
  Import took 0.295002 seconds .

========================================================================
Received Import Request.
  Time since last request: 11.720822 seconds.
  path: Assets/Images/test.png
  artifactKey: Guid(fe7effc6f2dfc4e7abd6c6744dec6121) Importer(815301076,1909f56bfc062723c751e8b465ee728b)
Start importing Assets/Images/test.png using Guid(fe7effc6f2dfc4e7abd6c6744dec6121) Importer(815301076,1909f56bfc062723c751e8b465ee728b)  -> (artifact id: 'aff176f67a723653968b2231584b4309') in 0.101670 seconds 
  Import took 0.105327 seconds .

========================================================================
Received Import Request.
  Time since last request: 76.337086 seconds.
  path: Assets/Prefabs/New Prefab.prefab
  artifactKey: Guid(6399caf2f00cd44beb46a26cd8b6ae86) Importer(815301076,1909f56bfc062723c751e8b465ee728b)
Start importing Assets/Prefabs/New Prefab.prefab using Guid(6399caf2f00cd44beb46a26cd8b6ae86) Importer(815301076,1909f56bfc062723c751e8b465ee728b)  -> (artifact id: '1b1528f9b5f18d632751c4d0b2eb5421') in 0.067861 seconds 
  Import took 0.071860 seconds .

========================================================================
Received Import Request.
  Time since last request: 25.634070 seconds.
  path: Assets/UI/Passive.prefab
  artifactKey: Guid(6399caf2f00cd44beb46a26cd8b6ae86) Importer(815301076,1909f56bfc062723c751e8b465ee728b)
Start importing Assets/UI/Passive.prefab using Guid(6399caf2f00cd44beb46a26cd8b6ae86) Importer(815301076,1909f56bfc062723c751e8b465ee728b)  -> (artifact id: 'dfd1d3297d75359d95dea38bf998fe5d') in 0.006482 seconds 
  Import took 0.009605 seconds .

========================================================================
Received Import Request.
  Time since last request: 58.119913 seconds.
  path: Assets/UI/PassiveStatus.prefab
  artifactKey: Guid(6399caf2f00cd44beb46a26cd8b6ae86) Importer(815301076,1909f56bfc062723c751e8b465ee728b)
Start importing Assets/UI/PassiveStatus.prefab using Guid(6399caf2f00cd44beb46a26cd8b6ae86) Importer(815301076,1909f56bfc062723c751e8b465ee728b)  -> (artifact id: 'a0088dec62d3ca1e30c8ee998d4b87d3') in 0.005116 seconds 
  Import took 0.008813 seconds .

========================================================================
Received Import Request.
  Time since last request: 11.378691 seconds.
  path: Assets/UI/PassiveStatus.prefab
  artifactKey: Guid(6399caf2f00cd44beb46a26cd8b6ae86) Importer(815301076,1909f56bfc062723c751e8b465ee728b)
Start importing Assets/UI/PassiveStatus.prefab using Guid(6399caf2f00cd44beb46a26cd8b6ae86) Importer(815301076,1909f56bfc062723c751e8b465ee728b)  -> (artifact id: '9dbb70cf89166becfbf5de21f8e20bb9') in 0.018507 seconds 
  Import took 0.022106 seconds .

========================================================================
Received Import Request.
  Time since last request: 115.893566 seconds.
  path: Assets/UI/PassiveStatus.prefab
  artifactKey: Guid(6399caf2f00cd44beb46a26cd8b6ae86) Importer(815301076,1909f56bfc062723c751e8b465ee728b)
Start importing Assets/UI/PassiveStatus.prefab using Guid(6399caf2f00cd44beb46a26cd8b6ae86) Importer(815301076,1909f56bfc062723c751e8b465ee728b)  -> (artifact id: 'f28cf4c6639201323ff8b8b174b55f21') in 0.009715 seconds 
  Import took 0.013864 seconds .

